Build started 10/23/2016 1:12:25 PM.
     1>Project "C:\Users\hxc3427\Documents\Visual Studio 2010\Projects\HPAlab06\lab06\lab06.vcxproj" on node 2 (build target(s)).
     1>InitializeBuildStatus:
         Creating "Debug\lab06.unsuccessfulbuild" because "AlwaysCreate" was specified.
       AddCudaCompileDeps:
         c:\Program Files (x86)\Microsoft Visual Studio 10.0\VC\bin\cl.exe /E /nologo /showIncludes /TP /D__CUDACC__ /DWIN32 /D_DEBUG /D_CONSOLE /D_MBCS /I"C:\Program Files\NVIDIA GPU Computing Toolkit\CUDA\v5.5\include" /I"C:\Program Files\NVIDIA GPU Computing Toolkit\CUDA\v5.5\bin" /I"C:\Program Files\NVIDIA GPU Computing Toolkit\CUDA\v5.5\include" /I. /FIcuda_runtime.h /c "C:\Users\hxc3427\Documents\Visual Studio 2010\Projects\HPAlab06\lab06\GPU.cu" 
       AddCudaCompilePropsDeps:
       Skipping target "AddCudaCompilePropsDeps" because all output files are up-to-date with respect to the input files.
       CudaBuild:
         Compiling CUDA source file GPU.cu...
         cmd.exe /C "C:\Users\hxc3427\AppData\Local\Temp\tmp08a0b62f9a8c42b7b175e2b1471fe3c2.cmd"
         "C:\Program Files\NVIDIA GPU Computing Toolkit\CUDA\v5.5\bin\nvcc.exe" -gencode=arch=compute_10,code=\"sm_10,compute_10\" --use-local-env --cl-version 2010 -ccbin "c:\Program Files (x86)\Microsoft Visual Studio 10.0\VC\bin"  -I"C:\Program Files\NVIDIA GPU Computing Toolkit\CUDA\v5.5\include" -I"C:\Program Files\NVIDIA GPU Computing Toolkit\CUDA\v5.5\include"  -G   --keep-dir Debug -maxrregcount=0  --machine 32 --compile -cudart static  -g   -DWIN32 -D_DEBUG -D_CONSOLE -D_MBCS -Xcompiler "/EHsc /W3 /nologo /Od /Zi /RTC1 /MDd  " -o Debug\GPU.cu.obj "C:\Users\hxc3427\Documents\Visual Studio 2010\Projects\HPAlab06\lab06\GPU.cu"
         
         C:\Users\hxc3427\Documents\Visual Studio 2010\Projects\HPAlab06\lab06>"C:\Program Files\NVIDIA GPU Computing Toolkit\CUDA\v5.5\bin\nvcc.exe" -gencode=arch=compute_10,code=\"sm_10,compute_10\" --use-local-env --cl-version 2010 -ccbin "c:\Program Files (x86)\Microsoft Visual Studio 10.0\VC\bin"  -I"C:\Program Files\NVIDIA GPU Computing Toolkit\CUDA\v5.5\include" -I"C:\Program Files\NVIDIA GPU Computing Toolkit\CUDA\v5.5\include"  -G   --keep-dir Debug -maxrregcount=0  --machine 32 --compile -cudart static  -g   -DWIN32 -D_DEBUG -D_CONSOLE -D_MBCS -Xcompiler "/EHsc /W3 /nologo /Od /Zi /RTC1 /MDd  " -o Debug\GPU.cu.obj "C:\Users\hxc3427\Documents\Visual Studio 2010\Projects\HPAlab06\lab06\GPU.cu" 
     1>C:/Users/hxc3427/Documents/Visual Studio 2010/Projects/HPAlab06/lab06/GPU.cu(60): warning C4244: '=' : conversion from 'float' to 'int', possible loss of data
     1>C:/Users/hxc3427/Documents/Visual Studio 2010/Projects/HPAlab06/lab06/GPU.cu(63): warning C4244: '=' : conversion from 'float' to 'int', possible loss of data
       ClCompile:
         c:\Program Files (x86)\Microsoft Visual Studio 10.0\VC\bin\CL.exe /c /I"C:\Program Files\NVIDIA GPU Computing Toolkit\CUDA\v5.5\include" /ZI /nologo /W3 /WX- /Od /Oy- /D WIN32 /D _DEBUG /D _CONSOLE /D _MBCS /Gm /EHsc /RTC1 /MDd /GS /fp:precise /Zc:wchar_t /Zc:forScope /Fo"Debug\\" /Fd"Debug\vc100.pdb" /Gd /TP /analyze- /errorReport:prompt CPU.cpp main.cpp
         main.cpp
     1>c:\users\hxc3427\documents\visual studio 2010\projects\hpalab06\lab06\main.cpp(105): warning C4244: '=' : conversion from 'clock_t' to 'float', possible loss of data
     1>c:\users\hxc3427\documents\visual studio 2010\projects\hpalab06\lab06\main.cpp(111): warning C4244: '=' : conversion from 'clock_t' to 'float', possible loss of data
     1>c:\users\hxc3427\documents\visual studio 2010\projects\hpalab06\lab06\main.cpp(142): warning C4305: 'argument' : truncation from '__int64' to 'unsigned long'
     1>c:\users\hxc3427\documents\visual studio 2010\projects\hpalab06\lab06\main.cpp(142): warning C4309: 'argument' : truncation of constant value
     1>c:\users\hxc3427\documents\visual studio 2010\projects\hpalab06\lab06\main.cpp(142): warning C4996: '_sleep': This function or variable has been superceded by newer library or operating system functionality. Consider using Sleep instead. See online help for details.
                 c:\program files (x86)\microsoft visual studio 10.0\vc\include\stdlib.h(843) : see declaration of '_sleep'
         CPU.cpp
         Generating Code...
       ManifestResourceCompile:
         All outputs are up-to-date.
       Link:
         c:\Program Files (x86)\Microsoft Visual Studio 10.0\VC\bin\link.exe /ERRORREPORT:PROMPT /OUT:"C:\Users\hxc3427\Documents\Visual Studio 2010\Projects\HPAlab06\Debug\lab06.exe" /INCREMENTAL /NOLOGO /LIBPATH:"C:\Program Files\NVIDIA GPU Computing Toolkit\CUDA\v5.5\lib\Win32" cudart.lib kernel32.lib user32.lib gdi32.lib winspool.lib comdlg32.lib advapi32.lib shell32.lib ole32.lib oleaut32.lib uuid.lib odbc32.lib odbccp32.lib kernel32.lib user32.lib gdi32.lib winspool.lib comdlg32.lib advapi32.lib shell32.lib ole32.lib oleaut32.lib uuid.lib odbc32.lib odbccp32.lib /MANIFEST /ManifestFile:"Debug\lab06.exe.intermediate.manifest" /MANIFESTUAC:"level='asInvoker' uiAccess='false'" /DEBUG /PDB:"C:\Users\hxc3427\Documents\Visual Studio 2010\Projects\HPAlab06\Debug\lab06.pdb" /SUBSYSTEM:CONSOLE /TLBID:1 /DYNAMICBASE /NXCOMPAT /IMPLIB:"C:\Users\hxc3427\Documents\Visual Studio 2010\Projects\HPAlab06\Debug\lab06.lib" /MACHINE:X86 Debug\GPU.cu.obj
         Debug\lab06.exe.embed.manifest.res
         Debug\CPU.obj
         Debug\main.obj
       Manifest:
         C:\Program Files (x86)\Microsoft SDKs\Windows\v7.0A\bin\mt.exe /nologo /verbose /out:"Debug\lab06.exe.embed.manifest" /manifest Debug\lab06.exe.intermediate.manifest
         All outputs are up-to-date.
       LinkEmbedManifest:
         All outputs are up-to-date.
         lab06.vcxproj -> C:\Users\hxc3427\Documents\Visual Studio 2010\Projects\HPAlab06\Debug\lab06.exe
       PostBuildEvent:
         echo copy "C:\Program Files\NVIDIA GPU Computing Toolkit\CUDA\v5.5\bin\cudart*.dll" "C:\Users\hxc3427\Documents\Visual Studio 2010\Projects\HPAlab06\Debug\"
         copy "C:\Program Files\NVIDIA GPU Computing Toolkit\CUDA\v5.5\bin\cudart*.dll" "C:\Users\hxc3427\Documents\Visual Studio 2010\Projects\HPAlab06\Debug\"
         :VCEnd
         copy "C:\Program Files\NVIDIA GPU Computing Toolkit\CUDA\v5.5\bin\cudart*.dll" "C:\Users\hxc3427\Documents\Visual Studio 2010\Projects\HPAlab06\Debug\"
         C:\Program Files\NVIDIA GPU Computing Toolkit\CUDA\v5.5\bin\cudart32_55.dll
         C:\Program Files\NVIDIA GPU Computing Toolkit\CUDA\v5.5\bin\cudart64_55.dll
                 2 file(s) copied.
       FinalizeBuildStatus:
         Deleting file "Debug\lab06.unsuccessfulbuild".
         Touching "Debug\lab06.lastbuildstate".
     1>Done Building Project "C:\Users\hxc3427\Documents\Visual Studio 2010\Projects\HPAlab06\lab06\lab06.vcxproj" (build target(s)).

Build succeeded.

Time Elapsed 00:00:07.61
